500
0 1423 4293 6257 3005 4644 5097 3297 8549 790 1323 9688 3895 4938 5135
1 1423 4293 779 9305 6213 915 8469 366 5634
2 1423 4293 815 8750 7611 3745 7215 7925
3 1423 4293 6506 1905 2515 2279 578 8040 6379
4 1423 4293 871 4821 7115 3392 1796 5059 7174
5 1423 4293 6607 6859 4039 1181 3079 7228 9102 246 6258 3557 5547 6519
6 1423 4293 1208 7382 1908 7399 7414 1336 2406 3743 4486
7 1423 4293 949 4721 6468 2586 3660 2486 7474 5330 3536 4558
8 1423 4293 4704 3375 4356 4541 7437 5679 7459 7642 6351
9 1423 4293 6249 8768 4880 2918 1072 482 7503
10 1423 4293 6267 5754 854 6639 6224 10 728 6425
11 1423 4293 5825 4340 9636 4140 1032 9265 7352 4761
12 1423 4293 4683 5692 6265 5350 5941
13 1423 4293 2061 3153 8895 232 7340 5704 360 8140
14 1423 4293 8615 8674 3843 7434 2764 5769 4929 3766 8416
15 1423 4293 5522 3888 1020 2034 6226 5948 141 4766 5682
16 1423 4293 191 3017 2124 3637 7810 2111
17 1423 4293 2314 2669 1309 2741 3464 9450 5795
18 1423 4293 9035 1262 4076 273 8885 9442 8841 5929
19 1423 4293 5535 8483 3453 4814 8683 8098 9827
20 1423 4293 6956 2856 8835 6457 4588 3417
21 1423 4293 8175 9666 3362 7233 5155 7232 2602 9123 5678
22 1423 4293 6295 7713 9728 3024 1084 2289 1935 4086 2863 296 5509
23 1423 4293 2408 4693 7156 4388 2203 9935 1439 6698
24 1423 4293 2210 22 8111 450 5107 4808 505 8720
25 1423 4293 1201 1014 8153 6286 9747 5652
26 1423 4293 8203 150 3523 1956 7408 3 8758 2186 2263 9583 5389
27 1423 4293 1273 8389 7082 4613 1496 7006 2335 3860 8579 7980
28 1423 4293 2202 4429 2215 1371 2402 6633 6413 8780
29 1423 4293 7837 5109 8824 6598 4060 7118 1581 5359 4134 523 7484 7562
30 1423 4293 5481 1357 712 1716 9056 9067 1694 9115
31 1423 4293 4705 8967 6991 631 7028 8793 7381 4792 4985
32 1423 4293 9507 4077 6572 1414 9015 1195 2524 4750 6628
33 1423 4293 5183 5961 4856 6826 1019 6920 4977 5170 6170
34 1423 4293 9530 6121 276 8916 7884 639 7969 6269
35 1423 4293 7909 7186 133 3885 8444 331 8046 4124
36 1423 4293 5687 7956 5525 1715 7676 7157 8042 6020 9139 4407 7513
37 1423 4293 6058 496 351 4474 3494 9207 6961 6865 6130 8605
38 1423 4293 4416 7567 2356 3682 8854 4533 4908
39 1423 4293 953 9398 4891 1425 6659 9676 4178 8722 5011 5552 2818 8600
40 1423 4293 5093 6332 5617 7697 9159 3992 7285 5246
41 1423 4293 1407 390 6302 1529 7262 9051 5399 250 7606
42 1423 4293 4383 8878 4166 3188 6042 1081 4277 247 115 4444 6139 3146
43 1423 4293 1318 2331 7817 5251 345 9440 154 5247
44 1423 4293 2065 2255 4115 9675 6144 4572 3563
45 1423 4293 4330 1881 2835 7368 5055 4574
46 1423 4293 8676 5200 2926 2559 6918 6996 4238 8739
47 1423 4293 2973 4737 4976 2997 6952 4050 3034
48 1423 4293 6316 54 7036 7939 2644 4726 6054 2135 4333 4027 8881
49 1423 4293 8037 5069 1590 4100 210 2677 3057 3582 9945
50 1423 4293 2224 9887 3866 5211 6105 3394 1451 5182
51 1423 4293 3859 7321 9161 3194 3774 8199 9936
52 1423 4293 9710 2744 7977 9585 6287 6469 2532 3950 5564 6840 7736
53 1423 4293 9363 4133 6343 9021 5442 6242 9235 4323
54 1423 4293 9766 3241 38 5185 4840 6557 7012 4362 1220
55 1423 4293 9784 8527 7248 6014 1017 652 8570 8138
56 1423 4293 8011 7881 4080 1662 4223 42 1244
57 1423 4293 6426 3284 926 3262 1776 6492 997 2049
58 1423 4293 483 5376 3722 8618 6103 4928 2152 21 4788
59 1423 4293 6777 6541 8734 1582 8981 2934 1893 3053 7183 7874
60 1423 4293 7210 229 3657 7234 7220 5401 2270 847 1218 7628
61 1423 4293 2157 1665 8973 4126 2896 3132 3755 3531
62 1423 4293 1147 1042 5166 2767 2571 1495 7605 9187 1168 8249
63 1423 4293 2329 9610 9895 882 9876 6896 7155
64 1423 4293 7976 3465 8170 2302 3296 9597 1376
65 1423 4293 9833 5320 754 7840 3086 7844
66 1423 4293 2143 1233 8025 2167 1880 2494 6108
67 1423 4293 3473 5308 8566 8731 7638 3522 2540
68 1423 4293 5044 627 4564 9114 4956 3286 1640
69 1423 4293 9413 3616 5842 8123 713 5085 1693
70 1423 4293 8035 4592 9982 8260 6627 1826 7559
71 1423 4293 3778 7270 3746 1885 8137 2553
72 1423 4293 5034 9529 3100 3525 5038 5919 1369 442
73 1423 4293 5798 4031 2476 8272 4225 8790 9199 9562 3293
74 1423 4293 9291 6653 349 3581 6129 4071 897 5788 3820 2886
75 1423 4293 8975 1521 5532 1963 6706 9646 9671 8173 131 1230
76 1423 4293 6157 9740 2719 9408 4554 7447
77 1423 4293 2548 5666 7582 1622 8298 813 977 5857 1463 8342 1625
78 1423 4293 4304 9640 355 9357 1682 2787 5218 7889 6739 472 8831 2183 8183 2326
79 1423 4293 542 9898 7485 6231 1962 2123 3970 1527 8052 1383 5179
80 1423 4293 8767 3192 2598 7718 7383 491 6281
81 1423 4293 5259 2721 4326 7915 7591 414 944 6256
82 1423 4293 1958 1298 8481 8905 7493 4995 4181
83 1423 4293 8744 6675 7687 8263 8743 4253 9464 1871 5628 8990 5075 7525
84 1423 4293 8559 5371 8014 3561 5125 1122 7409 5907 167
85 1423 4293 1196 5913 9606 6676 6594 7426 7249 1306 7720 9745
86 1423 4293 8178 3547 8815 1236 1011 2150 3143
87 1423 4293 8413 5342 2850 3959 1978 4412 8765
88 1423 4293 4655 6201 8521 9721 8714 9466 3978
89 1423 4293 3588 6560 1028 3759 3169 5146 9443 3383
90 1423 4293 6309 8238 6185 9168 1419 7457 7265
91 1423 4293 3565 5282 670 3876 8803 3729 1034 7784
92 1423 4293 2824 2839 4828 7796 4666 5408 9428 7899 2396 2423 5492 1973
93 1423 4293 8352 768 6941 6547 4703 4914 750 169 5301
94 1423 4293 9225 2871 8057 9593 6606 6824 3580 5203
95 1423 4293 2935 9316 3189 8423 1055 1337 8443 6921 3193
96 1423 4293 2001 6164 316 9013 9637 4982 8013 7569 519 8004 1319
97 1423 4293 5546 4698 8904 9086 2505 3781 106 62 4161 7824
98 1423 4293 8190 7806 9137 265 7816 7490 2079 2369 703
99 1423 4293 4391 9380 3958 1203 3460 952 493 1642 8539 7856 2230
100 1423 4293 9101 6001 9588 4256 2401 6621 4629 552 6979 3493 3835 8143 9551
101 1423 4293 6259 8703 3216 2349 691 6205 5022 798
102 1423 4293 9526 8641 2367 2885 3182 895 1276
103 1423 4293 4646 8167 7453 3762 5157 5680 1128 3714 2900
104 1423 4293 361 1632 9293 372 142 8837 5661 9484 7463 7392
105 1423 4293 9986 7151 240 5595 8267 3058 3463 3183 3909 9816 5187
106 1423 4293 9953 8947 6449 3069 6388 7581 3061 8350 3111 6153 6166 8792
107 1423 4293 1567 1773 2684 8092 6890 3424 4243 1892
108 1423 4293 1743 1255 2085 6101 3926 9388 6250 4224 2359 3320 5024
109 1423 4293 7738 7841 2815 2168 6155 3867 2038 3106 5890
110 1423 4293 1757 7114 7486 4865 5041 3422 374 759 6417 9920 3267
111 1423 4293 510 7801 731 1109 888 5660 1345 3050 4013
112 1423 4293 2874 6707 773 1902 7455 3348
113 1423 4293 757 9459 5538 8278 1237 7 4755 7547 4177
114 1423 4293 7281 9722 5053 7702 1142 8351 6479 9586 4966 2617 9449 5299
115 1423 4293 9859 1420 221 5972 5049 468 4767
116 1423 4293 563 4830 4942 4153 668 2296
117 1423 4293 4869 7887 2083 6181 6669 8022 3837 7386
118 1423 4293 4782 5867 5863 6925 4032 7556 7160 734 3664
119 1423 4293 1107 7086 3373 2647 5362 6597 5862 7693
120 1423 4293 7714 9988 9708 849 632 7823
121 1423 4293 659 2422 1559 2590 4066 1085 8186 5467 1067 3963
122 1423 4293 1600 700 9028 827 8307 2722 9434 362
123 1423 4293 9295 4667 1937 134 9471 8608 5675 4135
124 1423 4293 6143 7253 3842 5568 1719 2243 3902 4241 2848
125 1423 4293 9463 8382 9691 3121 3628 5587 1479 9692 9577
126 1423 4293 5864 6646 4363 835 7213 2256 1906
127 1423 4293 2952 4747 1207 8542 1180 5477
128 1423 4293 7427 401 8572 2468 896 7330 1445 7362
129 1423 4293 2840 9338 182 7293 2274 1602 9650 2536 5284
130 1423 4293 5456 828 7734 7521 8145 2569 9344 6525 8332 2551 8287 6410 6186
131 1423 4293 7835 1897 4627 7304 8887 1838 5990 9258 1252
132 1423 4293 9318 3719 3345 83 3977 5849 9301 8010 2747 7278
133 1423 4293 1708 7314 7904 7050 9736 4230 9615 2264 1542 5548 511 8684 6543 2169 1941
134 1423 4293 5220 9104 3003 7747 8088 8429 100 1638 3454
135 1423 4293 129 4078 1091 7807 1501 425 3625 7948 6077 755 7025
136 1423 4293 196 8927 6038 3715 8473 8498 8093 6879 8050 239
137 1423 4293 1386 7192 1284 1769 6793 5911 1562 7627
138 1423 4293 6320 4435 9878 7201 6872 2059 7276 1866
139 1423 4293 6595 7536 3530 2860 8507 3653 6299 5086 9093
140 1423 4293 3983 6609 8289 6312 6395
141 1423 4293 2959 2272 4736 8362 7561 2199 2624
142 1423 4293 6574 7413 4215 9415 5204 3809 4963 518
143 1423 4293 6680 8191 4846 9330 3109 9902 707 5081
144 1423 4293 5327 4289 1639 8996 8738 8696 5216 8505 789
145 1423 4293 5317 5386 2500 7416 2071 2769 6389 8241
146 1423 4293 5536 3985 603 2795 4218 2355 7849 7041 4991 8220
147 1423 4293 529 9132 3041 2554 6329 6091 2102 663 5755 6241
148 1423 4293 9711 2127 3933 6912 5013 8864 299 699
149 1423 4293 810 7563 6588 3077 4490 4026 2399 5606 2037
150 1423 4293 2248 3794 8880 2985 4349 2877 7623 2472 1749
151 1423 4293 7772 5402 7526 687 8265 4307 6854 8101 2003 7359
152 1423 4293 7197 1391 7237 8888 7048 5387 4087 2115 9595 6900
153 1423 4293 2138 1303 2048 8921 1783 2197
154 1423 4293 421 4851 2693 4070 6372 3031 8069 989 3195 7688
155 1423 4293 6776 8043 3987 317 5103 9290 1353 2779 3456 1515 2431
156 1423 4293 7472 3113 1280 3014 9422 1572 9032 5390 3074 2421 2709 1289 9023
157 1423 4293 641 5356 2058 7256 6936 1038 7303
158 1423 4293 9079 9786 7651 7385 3852 2537 3322 8554 1424
159 1423 4293 5232 8713 5082 4065 5615 8457 6414 7180 1728 1839 2403 2340 5737 2550 2796
160 1423 4293 2811 412 8917 8710 8949 7833 9616 740 3505 4671 8447
161 1423 4293 792 4015 512 5054 5743 6002 1198 3288 5515 8528
162 1423 4293 9838 2467 9 1431 8757 7876 9957 2475
163 1423 4293 5657 1723 613 4941 9256 6787 9027 4994 647 2228 7598
164 1423 4293 2925 3827 6641 9332 343 9196 5603 4532 9366
165 1423 4293 8740 8434 9036 7074 5268 3752 6914 9523 6691 5307
166 1423 4293 7076 2258 263 6647 7530
167 1423 4293 7223 5130 7379 8982 5404 6573 7020 3164
168 1423 4293 203 6339 2291 5794 5163 2852 5161 3838
169 1423 4293 8813 6068 4576 6608 8819 3411 5370
170 1423 4293 8152 5705 1637 5503 7150 9457
171 1423 4293 2035 2678 901 3543 1670 5258 1459 2979 8089 3512 7331
172 1423 4293 7907 3841 8090 2842 7055 4631 5554 4566 7680 8515
173 1423 4293 1917 3027 4097 6798 8264 8801 4892 1223
174 1423 4293 5418 7963 4636 7709 4728 2655 4780 608 6808 465 5432 667 8634
175 1423 4293 4672 7305 7489 7903 4563 132 9478 5004
176 1423 4293 1202 1394 8936 6445 522 2191 165 8764
177 1423 4293 6636 7673 3850 6964 1041 6301 3225 4397 5450 4496 1948 2171 2240
178 1423 4293 6005 6747 2419 6780 7787 9576 6209 8538 6940 8445
179 1423 4293 1294 7030 9781 2695 7064 7069 5365 1137 3932 2595 6480
180 1423 4293 6724 3071 8068 983 935 4449 6115 3200 771 2674 8809
181 1423 4293 286 8532 3068 4656 9791 413 8086 9705 3656 7880
182 1423 4293 9066 3349 974 1417 547 6075 7683 9861 5703
183 1423 4293 5176 4783 8103 7412 6616 71 3955 2092 8912
184 1423 4293 153 1465 9928 2939 8914 2064 1566 2189 1077 9521 3492
185 1423 4293 3777 6614 9746 5636 3458 8681 3655 1668 7783 1541
186 1423 4293 2353 3116 8736 8762 7745 5027 2018 7586 4654
187 1423 4293 5017 9714 7873 3681 1727 352 657
188 1423 4293 4649 3277 4107 8705 2640 1246 4136 9492 9871 9273 6338
189 1423 4293 9108 9673 6851 2701 7316 3693 6942
190 1423 4293 7274 2766 7357 6671 9111 976 1159 5006 9735 6786
191 1423 4293 4414 745 4154 4754 8319 786 6160 9414 5070 6817 4906
192 1423 4293 7000 9823 8822 3537 3856 3573 5578 4551
193 1423 4293 1663 358 2105 5835 4173 3535 626 1823
194 1423 4293 6300 1972 7786 8898 1179 7289 2508 9317 2790 6041 6176
195 1423 4293 4926 661 4345 7261 6770 6035 3313 4162 1087 9040 1458 1139
196 1423 4293 9125 4158 3721 6922 1186 6266 172 2008 2930
197 1423 4293 5854 1595 8586 5445 7351 6109 9203 1192
198 1423 4293 3518 1227 3203 5815 6124 7694 3662 2175 7551 2541 5031
199 1423 4293 29 3947 7774 4635 1435 5872 7072
200 1423 4293 5375 4242 5395 2751 954 551 2596 5195
201 1423 4293 751 3265 682 7641 6273 1410 8213
202 1423 4293 3461 8428 1297 9495 4648 9019 3869 7195 457 4258
203 1423 4293 2213 2284 3202 4099 2249 4565 243 3319
204 1423 4293 7255 4537 6110 7604 1453 574 5162 9188 2614
205 1423 4293 7298 1585 2922 9738 648 5454 4789 3084
206 1423 4293 4902 9732 3744 4955 6933 7107
207 1423 4293 6031 5772 2869 3260 1481 9271 9704 3218
208 1423 4293 6886 6796 624 6908 3283 2172 1157
209 1423 4293 7307 9566 560 7921 101 2063 103
210 1423 4293 8595 4553 3270 2082 4379 5073 2128
211 1423 4293 4735 5295 6578 3352 587 1379 5269 5129 4559 5226
212 1423 4293 8992 7194 8188 1152 701 9438 1896
213 1423 4293 6345 1734 7461 8599 5674 8787 8391 4752 8890 4036 2897 5234 3429 6188
214 1423 4293 502 6954 6051 7543 6700 1399 5193 5468 9216 279
215 1423 4293 5192 2911 4964 5676 8548 5751 2608 1695 4048
216 1423 4293 5757 1346 7477 5298 780 7170 312
217 1423 4293 143 2570 7865 8670 1488 6602
218 1423 4293 6315 7975 4033 1102 4505 6307 4573 3545 9089
219 1423 4293 278 1855 287 3632 9954 684 8845
220 1423 4293 3928 9160 8226 4470 27 8106 8796 8511
221 1423 4293 2464 2112 7448 1912 874 2968 5141 1565 155 679 5953 2680
222 1423 4293 3596 9120 3968 6134 9948 7945 8610 7790 4517 5035
223 1423 4293 2379 8785 9717 5343 2297 2384 6436 8212 2462
224 1423 4293 6959 6644 1980 979 5336 4920 5770 4905
225 1423 4293 5275 8761 8056 9632 2447 820 2232 7742 1982 1710 1127
226 1423 4293 3548 7101 858 7267 1440 4489 8598 696 2007
227 1423 4293 5293 1468 8678 9755 2214 2844 8097 4418 6117
228 1423 4293 8747 1416 4552 4965 7396 6415 7049 1466 7004 7699 9083 9340
229 1423 4293 9763 685 4720 5287 5553 14 257 9194 2534 1923
230 1423 4293 9171 8625 2043 3600 8000 507 6154
231 1423 4293 7141 7023 1536 8320 9192 7309 1793 3846 8858 9470 4832 7022
232 1423 4293 6556 8804 8715 2953 2076 3552 7630 4823
233 1423 4293 6894 738 4717 1781 2668 4512 9796 7800 1144 6734
234 1423 4293 6217 4450 4801 2385 4324 8247 6709 5590
235 1423 4293 461 1430 4073 1763 8823 9621 359 7122 1130 8574 6062 6978
236 1423 4293 9011 6456 2196 1380 2125 8459 6165
237 1423 4293 4483 5637 53 8215 7241 36 4607
238 1423 4293 598 4819 1528 8461 8449 2129 8628 575 4986
239 1423 4293 3622 7602 4079 4382 8079 8789 8624 5068 537 726 5045
240 1423 4293 3072 3500 6370 4531 6582 8966 9370 4226 7993 4519
241 1423 4293 4513 8501 4361 9260 4047 1560 9622 3467 9280
242 1423 4293 4149 7327 7431 8225 5513 6503 214
243 1423 4293 5949 680 1645 3962 4448 9432 545 1601
244 1423 4293 4296 2881 3857 5886 8275 5816 386 5572
245 1423 4293 2750 9259 3847 1664 1940 1133 5895 4586 5244 5020 4168 4999 1396
246 1423 4293 7358 6688 4152 6190 6750 8907 6558 8250 1952 930
247 1423 4293 7663 4233 9602 5874 9764 3099 2145 2576 5429
248 1423 4293 2278 2207 7730 9014 5346 744 7165 9429 3700 463
249 1423 4293 6177 5779 6520 7371 8045 216
250 1423 4293 1047 2653 3022 6221 4744 822 9780 9890 1534 4402 9218
251 1423 4293 9690 766 4619 5950 4192 6458 5622 8159 168 6292 255 5710
252 1423 4293 4351 3261 3045 1021 1342 3995
253 1423 4293 2006 6402 1520 2457 5276 3242
254 1423 4293 5369 5964 7946 5555 4713 9038 7843 7507
255 1423 4293 5731 1994 6234 9557 9950 5611
256 1423 4293 9694 3670 4327 8064 1628 3913 7454 6400 9899 5885 2692
257 1423 4293 2996 8078 3506 4472 1114 9643 4842 7435
258 1423 4293 4763 6590 7901 5690 5707 884 3066 3007 1555
259 1423 4293 8648 423 4437 3310 8387 8732 1907 9664 9096
260 1423 4293 6725 1006 4040 220 6878 3584 4106 2895 4251 477
261 1423 4293 3067 245 1546 8236 1344 7924 5904 326 6526
262 1423 4293 5279 1022 2417 7329 2262 3251 1398
263 1423 4293 2252 6934 6262 8894 9245 271 8496 4054 8194
264 1423 4293 1620 1586 4624 8464 8617 9845 6531 5347 4295
265 1423 4293 1530 4772 33 2060 2582 9867 9994 1780 3736
266 1423 4293 6745 9802 6278 2878 7127 1322 8168
267 1423 4293 8808 3342 6723 439 3772 1611 492 5753
268 1423 4293 5138 928 592 3329 1292 5651 715 4702 8291 4740
269 1423 4293 671 5236 1644 7344 3475 5473 7797
270 1423 4293 6085 7301 8031 3764 4148 1170 7021
271 1423 4293 6837 9416 913 1615 7821 179 8240 6067
272 1423 4293 2504 8708 8371 170 5728 7890 8418 3408 9099
273 1423 4293 9571 5398 6010 4797 1324 7010 7851
274 1423 4293 2712 8463 9997 4487 7894 5491 4687 3604
275 1423 4293 636 2336 4431 8024 3275 6587 6577 7686
276 1423 4293 5868 9172 5880 4222 774 2100 8926 3380 8377 5000 7063 9514 7949 5783
277 1423 4293 4266 7355 1288 9424 6619 2960 1514 6495 4949
278 1423 4293 8368 5466 1308 2699 9635 9900 7877 3953
279 1423 4293 9351 1968 6529 1507 4411 7014 6805
280 1423 4293 7499 108 9959 5712 8492 6843 5351 4893 8 8556
281 1423 4293 8652 8844 2338 8899 694 9407 3750 8302 5439
282 1423 4293 7827 4798 2879 9829 9857 7984 9617 6821
283 1423 4293 3151 3038 9598 7695 6052 8480 8969 3145 6571
284 1423 4293 3734 353 3613 1335 2774 2415 9300
285 1423 4293 144 4360 9298 6318 2639 2342 6488
286 1423 4293 5559 739 2827 3797 7451 7895 9905 1669 9047
287 1423 4293 7095 1788 1010 6082 6125 6364 3451 6421 7546 4577
288 1423 4293 9304 6662 4904 4319 7450 23 6767 3423
289 1423 4293 5924 8015 8666 3224 986 996 6428 7085
290 1423 4293 6419 6382 6736 1762 2998 3821 7965 6630 5169 7169
291 1423 4293 1756 4939 7288 320 5126 7795 4866 760 9248 2516
292 1423 4293 4042 9659 5561 4314 6017 593 5878 2611 7038
293 1423 4293 6811 116 8309 1656 9568 6482 2662 6431 7121 8454
294 1423 4293 7469 1920 2584 2351 6612 7614
295 1423 4293 1052 7633 7353 3130 9130 4810 160
296 1423 4293 4237 4542 7568 7495 110 9402 1365 3939 8635
297 1423 4293 5723 9517 6116 3178 8728 7594 8195 7290 8305
298 1423 4293 4510 6253 7771 3751 1627 2190 9733 5551 2941 9208
299 1423 4293 122 6369 2892 616 1807 4093 3800 9209 7859 1817 137
300 1423 4293 1475 2798 992 8410 3338 6642 233 8290 207
301 1423 4293 7512 9743 8421 2650 8540 1802 2687
302 1423 4293 3274 9312 8753 2451 3673 8596 183 2109 7438 1591
303 1423 4293 7387 8816 2404 4684 3301 9022 5730 8253 9315
304 1423 4293 9668 5533 2231 3418 741 1188
305 1423 4293 4594 5986 6899 3647 3133 6718 490 646
306 1423 4293 1432 3666 9547 2322 8032 3508 348 9955 2630 5583 602
307 1423 4293 44 9685 1219 305 1161 9498 3702 8489 8128
308 1423 4293 3881 9804 1919 2634 3450 3825 5708 9365
309 1423 4293 8071 4822 9472 540 389 8208 9937
310 1423 4293 193 8077 43 5158 719 2821 6408 9386 379
311 1423 4293 5241 5339 6448 8148 7444 2972 9686 4923 3931 2666 4638
312 1423 4293 8737 1890 6652 8363 3117 1617 3546 723
313 1423 4293 8397 9535 5065 7361 9809 8327 1153 8431 6334 4507 3363 8438 2062 5112
314 1423 4293 3442 5596 8270 3096 6992 6027 695 7748 3012
315 1423 4293 8523 5573 1169 2627 3691 7910 6737 5838 6740 9025 9238
316 1423 4293 8862 9065 96 9744 1953 4769 4652 9044 8883
317 1423 4293 315 1129 1981 5567 7471 9236 2418 8630 7177 3767
318 1423 4293 1194 5227 2746 7296 5061 8158 9071 8530 9347 1392
319 1423 4293 392 3376 9769 982 3227 9552 5440 6048
320 1423 4293 2275 7588 956 5328 1698 6893 9200 724
321 1423 4293 9502 8900 7770 6989 7650 4175 4724 9511 3629 8711
322 1423 4293 785 2868 6512 228 6509 5052 2081 4404
323 1423 4293 4853 7839 3280 7552 7456 8115 764 7026
324 1423 4293 6396 6917 3586 3818 7302 3147 7273 4290
325 1423 4293 3634 8891 7311 802 8012 1901 1537 9488
326 1423 4293 5252 1409 9184 285 8963 3037 1293 7998
327 1423 4293 2635 4248 3476 2330 5485 3315 6773 5773
328 1423 4293 47 5549 4784 4903 2267 8686 3152 3706
329 1423 4293 2531 9989 7587 1362 3154 4653 5090 3723 6953
330 1423 4293 879 3961 2070 2149 4332 6694 6650 6289 9590
331 1423 4293 4390 1146 7689 6150 5424 9510 9874 1056 8853 2005
332 1423 4293 3325 5431 8782 918 7870 893 2991
333 1423 4293 3608 3092 6583 7875 6963 2078 3713
334 1423 4293 5976 262 1523 4195 7029 8962 7482 4589
335 1423 4293 4003 2290 864 3110 6516 8076 4590
336 1423 4293 4318 806 1969 6471 6416 1992 3447 4677 5531
337 1423 4293 7510 5382 1226 1505 8778 7039 4954 3326 272 9493
338 1423 4293 3966 8547 7142 5504 1348 9939 4580 1814 3795 117 4389
339 1423 4293 9626 5683 5358 6460 3954 5662 7263 3404
340 1423 4293 2770 2755 9896 1577 5148 8125 6476 2460
341 1423 4293 1548 4716 2730 3717 5677 5785 7058 7299 8531 6640
342 1423 4293 4438 437 9695 4292 1574 5297 6260 8254
343 1423 4293 9241 4341 5912 548 3134 4936 8702 8038 5134 3813 8193
344 1423 4293 7836 6174 9669 5430 2456 1264 8800 1623 7059 3956 7272 88 5127
345 1423 4293 9807 5840 3257 9716 5566 6146 4129 1400 2066 1818
346 1423 4293 6092 7322 9358 6131 1046 2690 6420 6538
347 1423 4293 2629 1864 1007 4688 72 419 6781
348 1423 4293 9372 6545 2577 7629 3749 2823 605 7578 7566
349 1423 4293 161 4120 3381 8001 7940 102 6774 8931
350 1423 4293 4421 3044 7799 4860 4240 591 3278 6722
351 1423 4293 195 6397 1059 883 4434 3711 7356 6011
352 1423 4293 3605 2166 5092 3699 4103 5853
353 1423 4293 4425 3863 2580 873 7462 4596 8644 3716 2488 1092
354 1423 4293 7554 7927 720 9485 3236 8328 8672 532 1476 2962
355 1423 4293 8430 6064 6313 8612 230 2622
356 1423 4293 7443 4947 4456 1156 5988 448 4663
357 1423 4293 6674 6187 5700 6497 8248 8951 9679 9396 6924 1924
358 1423 4293 9782 4623 5186 7287 2663 3854
359 1423 4293 9634 7854 8518 6353 9508 7260 4001 2485
360 1423 4293 8080 3951 4045 2936 7075 1083 850 9522 8490
361 1423 4293 7505 6926 407 5663 916 2820 5443 2146 2327
362 1423 4293 6346 4452 5249 6367 2713 1003 5900
363 1423 4293 969 1961 1258 3773 5581 3920 9400 52
364 1423 4293 304 2463 6823 506 1312 6507 4014
365 1423 4293 6207 9619 799 5957 5664 5235 2555 5550 5278
366 1423 4293 1847 3698 2737 8592 5321 3167 7740 2708 5416 7933 1851
367 1423 4293 4205 5995 3760 8209 2479 7533 2735 4189
368 1423 4293 1211 5142 8372 7013 3534 9078 5658 8552
369 1423 4293 2492 6651 9693 6863 8239 1064 8922 6275 3703
370 1423 4293 5012 688 2777 2483 735 7719 7666 3366
371 1423 4293 5991 4714 225 5391 6474 1552 2857 8231 2332 7597
372 1423 4293 8376 2819 3440 1654 9289 5897 149
373 1423 4293 2305 7996 5917 8245 2673 4600 9624 3907 57 9395 7105 6112
374 1423 4293 8324 5153 3101 3486 2846 1504 5875 788 9797 7117
375 1423 4293 8399 1998 6498 8150 2788 6074 3897 7653 5517 1001 6502
376 1423 4293 323 5472 6311 9378 2046 1608 5388 1050
377 1423 4293 9477 2572 6336 9090 9008 6852 4131 8959
378 1423 4293 6227 528 6822 3990 1250 9335 60 819
379 1423 4293 3161 7135 1957 9371 118 4203 8580 6304 5400 5008
380 1423 4293 6317 4121 7104 5958 9427 5527
381 1423 4293 1197 3405 2032 2195 6235 972 5800 8337 5896
382 1423 4293 7475 4501 8276 6882 4255 1118
383 1423 4293 9941 9608 3135 4274 3562 4347 722 5056 2711
384 1423 4293 8216 621 56 3803 3271 714 4907 3526
385 1423 4293 6755 8114 2773 3337 8955 9122 5952 3804
386 1423 4293 4696 4758 7535 9627 6681 2904 5960 4000 650
387 1423 4293 5947 8654 7336 769 5261 9274 8388
388 1423 4293 6152 3025 5654 2450 6592 2958 8055 1786 7436 2495 6037 8386
389 1423 4293 4214 6717 381 4119 2814 1340 9496 4837 4294 4786 4264
390 1423 4293 2194 1785 6025 1835 6869 1760 4286 9862 2155 9674 8471 3555
391 1423 4293 4998 2636 4785 1722 7346 8948
392 1423 4293 4862 171 9661 6690 5144 1018
393 1423 4293 7279 3618 3615 7764 7516 5451 325 3048 3172 3243
394 1423 4293 1570 30 1606 2233 4159 2565 8374 781 1828 658
395 1423 4293 7031 6169 3226 139 555 5335 2222 2313 6199
396 1423 4293 9981 7077 7681 6968 291 3887 97 3620
397 1423 4293 7916 5363 8997 77 4187 7601
398 1423 4293 7102 7542 836 9031 7204 6677 5968 5001 8166 5631
399 1423 4293 1352 1482 9775 1849 9153 0 1673 5713 6381
400 1423 4293 4279 3264 1865 1120 9005 9998 7762 9832
401 1423 4293 6567 6475 9308 6465 3013 6973 4854 7626 3144 6033 8227 8425
402 1423 4293 8380 9999 6764 2448 7466
403 1423 4293 940 136 8357 1991 2395 7375
404 1423 4293 7129 9683 1347 9016 6654 5474
405 1423 4293 204 8147 4150 3981 8637 9567 2458 9785 2645
406 1423 4293 2621 3300 1761 2682 447 5856 2980 1403 9758
407 1423 4293 2865 7647 1799 7208 4299 8283 9657 7017 7347 1070
408 1423 4293 4088 2802 6393 3675 9094 5702 5108 3811 8619 1044
409 1423 4293 8846 8392 9473 7348 1770 2164 6801 1295
410 1423 4293 4315 6550 8897 9707 3233 3802 297 6905 8627
411 1423 4293 3747 7202 1049 3521 7743 6222 9926 113 8733 1104 4497 2413 1657
412 1423 4293 6000 7406 6398 6505 7415 2800 2628 9030 2951
413 1423 4293 5999 3108 2324 5434 6087 3098 8972 6434 9783 1426
414 1423 4293 4970 3873 3532 9110 4350 6741 5850 7589
415 1423 4293 197 9081 2828 5725 4568 5537 5520
416 1423 4293 244 6873 8470 9348 4550 7540 5007 4791 8466
417 1423 4293 2471 4247 6909 9232 514 6568 5598
418 1423 4293 9382 7200 2238 9037 736 6255 686
419 1423 4293 2851 9389 2067 2014 5353 7066 6216
420 1423 4293 8072 6585 5901 6861 4145 6347 689 1291 3479 270
421 1423 4293 4322 1136 2530 8601 1879 1561 9313 6626
422 1423 4293 2391 8177 8746 6928 844 7828 9142 4988
423 1423 4293 4169 5625 5292 5046 4044 7042 6810 6631 5892
424 1423 4293 9918 2497 2247 797 833 3214 8009 4229
425 1423 4293 9770 611 5861 6834 1820 6024 4257 1434 7608
426 1423 4293 8989 4007 2220 7763 9817 3026 1884
427 1423 4293 6180 2969 5131 2068 2910 9655 6430 9587
428 1423 4293 1646 1193 3386 1163 869 1867 7531 6990
429 1423 4293 9179 4901 2218 2908 1613 5459 5139 716 41 9375
430 1423 4293 2799 6135 5291 147 2740 2785 3347 3684
431 1423 4293 3999 218 1212 2963 3085 6081 8284 6494 8344
432 1423 4293 6901 4046 7665 3624 4419 9718 4481
433 1423 4293 4480 3639 5079 5433 1279 8176 3256 2126
434 1423 4293 501 3502 2020 7130 7062 8952 3391
435 1423 4293 590 3539 1444 9949 708 2867 3331 6466 5693 6720 8027
436 1423 4293 2372 151 7419 8874 1299 2050 6744 8408 1224 1798 3016 2643 2454 2676 8495
437 1423 4293 213 6218 6849 8889 1861 2718 9852 5738 6063 95
438 1423 4293 7308 6962 8727 2745 6540 2192 4799 3567 7897
439 1423 4293 3357 706 3415 8609 3459 5300 6148
440 1423 4293 3388 8866 4924 571 7277 4587 1829 4858
441 1423 4293 4206 1806 9554 135 3158 3614 7373 1239 8994 8978
442 1423 4293 8509 9445 4502 7393 8146 644 2465 7570 3627 955
443 1423 4293 8699 5312 6076 2217 1616 3989 9846 3138
444 1423 4293 9222 889 4061 9540 4439 6378 1460 8810
445 1423 4293 7128 82 8833 3551 7119 5540 1134 4281 9206
446 1423 4293 2588 7767 7792 396 6746 4612 3148 284
447 1423 4293 5920 6728 1313 5289 8059 4935 1257
448 1423 4293 4665 5870 4478 9933 808 3469 3432 3298 961
449 1423 4293 6366 3419 7883 4328 2242 2074 4539 3737 26
450 1423 4293 5739 7212 3372 7037 6665 3839 4200 3374 2382
451 1423 4293 4111 6617 1976 3644 2160 3705 9575
452 1423 4293 1815 5119 4275 4874 2759 9224 1175 2723
453 1423 4293 8707 5653 1964 5744 3291 8529 4695 9734 9847
454 1423 4293 8394 2414 4525 6986 8343 5845 1150 4092 2077 4993 1538 9045 4344 8405
455 1423 4293 1012 1148 2354 6328 6733 8420
456 1423 4293 6783 8044 6949 4424 111 9076 2593
457 1423 4293 9092 8986 5869 9604 662 1248 2185 3434 4291 7269 8571
458 1423 4293 2459 2455 3222 756 3258 2223 7560 7955 3398
459 1423 4293 8286 1691 6710 6738 9283 1388 7775 9147
460 1423 4293 9808 8924 3350 6433 7727 7574 3840 541 5839
461 1423 4293 5860 6542 7173 6167 4659 8331 4118 3047 2144
462 1423 4293 2853 5147 9451 2920 2225 7246 2605
463 1423 4293 3787 5188 2239 5602 9284 725 8830 9652 4053 6106
464 1423 4293 2394 8074 1304 4285 7040 4975 3533 6757 7791 4232 5462
465 1423 4293 309 7751 9651 6778 4670 9726 4038 9752 332
466 1423 4293 4272 9660 2002 8269 6070 5280 4969 7317 1558 761
467 1423 4293 8246 9662 8653 1672 5197 269 4816
468 1423 4293 5778 1932 4511 2660 503 6564 2381 9043 418
469 1423 4293 5926 9961 8446 478 947 4117 8742 1316 9970
470 1423 4293 8033 2091 5104 9462 7741 4354 8508 2491 6251 6683 5257 7971
471 1423 4293 8219 408 8237 2970 8850 5326 2523 6354
472 1423 4293 4113 7380 2573 7970 1862 4321
473 1423 4293 480 6685 6814 5717 1959 6377 4049 1853
474 1423 4293 5813 5094 6271 6803 3900 3039 1172
475 1423 4293 8230 823 3696 1401 5228 697 2317 9331 7672 6210
476 1423 4293 4583 553 2772 1031 1929 8338 9262 8234 4442 1140 67 8908 1697 8870
477 1423 4293 8185 9117 7440 2522 5410 5747 5273 6330
478 1423 4293 7377 9483 793 5444 1200 8671 7295 1840 219 1805 6702
479 1423 4293 581 1687 2568 3184 7868 4381 8724 8513 8257 8197
480 1423 4293 9853 3269 5871 8650 7987 9569 2398 3610 2736 5865 3761
481 1423 4293 904 5684 4879 3410 7131 8781 212 7506 9453 1918
482 1423 4293 2009 283 9538 3640 4697 7580 5575 1290
483 1423 4293 7171 1686 3892 6229 364 2383 190 7181
484 1423 4293 8432 1984 2453 3771 3129 6752 7654 2529 8049 8812
485 1423 4293 692 455 6548 5994 3501 1339 163 2365
486 1423 4293 1938 656 3308 7752 3704 8958 9164 3165 9433 3174 831 8181
487 1423 4293 8051 9436 5016 6097 1587 4674 8658 4084
488 1423 4293 2882 1942 7639 4018 7333 175 3316 1040 9129 7716 1753 1759
489 1423 4293 458 6239 2282 6161 6504 580 4331 4843
490 1423 4293 4476 7838 7657 2638 6518 2389 2704 905
491 1423 4293 7721 8911 4877 6766 1930 4951 3826 5600 2707 8116 7057 8484 2781
492 1423 4293 1883 1666 8954 9230 6337 9420 9968 6903 6276 5334
493 1423 4293 393 4367 4280 4857 7585 9995 7960 9261 1717 1242 1341 1373 2412 2236 79 1474 9720
494 1423 4293 328 7163 6203 2107 5323 5534 8217 1328 8756 9901 4278 1075 9461 3630 8620 5993
495 1423 4293 9303 5290 6089 1301 2325 3083 1429 6374 370 2717
496 1423 4293 451 4582 3209 9264 800 3318 166
497 1423 4293 2397 8474 6584 7217 8918 4387 1483 3185 1904
498 1423 4293 1857 1718 2726 64 4556 6208 6496
499 1423 4293 1833 209 5609 8494 3180 3425 8361 7216 4838 6775
