100
0 0 1 2 3 4 5 6 7 8 9 10 11 12 13 14 15 17 16 18 20 19 21 22 23 24 25 26 27 28 34 29 33 32 31
1 0 1 30 35 38 37 36 39 40 41 42 45 47 46 44 43 50 51 49 55 54 48 56 52 60 53 59 57 58 62 63 69
2 0 1 75 71 64 70 68 66 67 65 81 83 76 82 61 72 73 86 77 84 97 74 79 88 94 89 90 91
3 0 1 105 110 78 109 95 100 85 101 99 80 102 108 87 93 131 117 114 96 128 124 111 107 119 120 113 121 103 112 92
4 0 1 142 106 116 118 98 138 133 168 104 125 127 143 139 115 126 129 122 178 146 161 136 157 140 158 156 130 144 137 163 174
5 0 1 132 170 147 180 179 135 162 173 155 123 145 199 141 165 186 134 149 160 152 154 172 184 166 227 181 225 148 164 177 205 218 159 187
6 0 1 169 185 150 245 207 193 188 153 203 269 229 213 176 231 209 151 201 280 191 250 194 267 171 257 216 224 249 246 259
7 0 1 248 200 183 214 204 234 202 210 244 241 240 226 293 252 215 217 235 190 281 298 272 253 206 167 198
8 0 1 220 196 347 189 327 287 195 251 175 356 211 255 352 254 221 232 264 309 247 300 239 299 197 282 223 468 332 277 289 236 192 212
9 0 1 384 268 335 409 256 222 263 412 316 271 208 358 284 275 219 230 302 294 322 323 301 331 270 389 314 228 328 238 362
10 0 1 242 318 357 405 237 278 334 279 419 377 265 349 381 330 602 182 286 243 291 233 425 390 310 262 304
11 0 1 421 283 307 455 258 320 465 546 514 297 266 363 342 273 715 422 311 344 370 475 338 290 296 315 418 305
12 0 1 325 398 415 383 404 308 378 337 292 329 375 587 447 285 397 402 451 348 354 353 452 261 295 374 509 339 366 519 513 336
13 0 1 367 364 414 429 341 360 503 260 288 501 410 534 502 406 400 498 458 435 431 306 391 350 382 902 399 433
14 0 1 428 549 510 493 355 463 376 371 351 417 481 443 345 659 694 437 373 369 542 312 462 444 470 317 380 394 432 340
15 0 1 461 276 597 436 459 386 499 646 434 603 545 446 579 408 868 559 669 508 440 529 553 476 424 644 450 543 527
16 0 1 313 551 333 411 457 401 324 752 464 491 392 489 439 817 426 522 512 716 496 368 420 413 343 484 321 500 583 482 721 474 632
17 0 1 687 388 906 442 907 606 594 866 571 742 505 637 680 483 387 573 454 472 1506 521 361 403 471 490 396 274 393 487 964 359
18 0 1 556 379 582 533 665 605 689 525 460 592 822 786 590 430 466 445 600 438 581 524 485 372 635 346
19 0 1 479 448 478 903 303 641 2014 658 1017 1001 880 584 707 612 683 661 554 724 662 1051 954 630 651 1033 537 647 796 751 1073 631 836 670 1011
20 0 1 756 395 933 627 729 650 625 326 441 760 506 365 654 528 633 467 676 577 1307 515 531 720 757 916 773 739 517 601 611 735 598 619
21 0 1 526 567 1137 456 565 589 762 480 733 473 540 666 622 791 1395 859 626 1052 595 628 678 840 492 876 667 737 691 593 539 1516
22 0 1 753 469 784 1072 568 1197 555 688 1147 642 714 1756 806 851 1023 815 596 842 957 599 723 805 772 1184 770 575 608 702
23 0 1 319 774 385 915 516 952 634 994 609 996 845 1233 718 943 750 477 891 681 968 561 971 1363 427 673 544 864 624 453 699 449 1071 869
24 0 1 1358 722 1361 663 946 712 749 788 904 1927 407 965 1026 837 585 532 704 511 548 831 588 423 629 586 978 536
25 0 1 497 861 1620 530 652 645 799 520 494 846 2380 653 655 732 794 1058 574 807 660 746 977 1524 1845 1424 950 569 975
26 0 1 1902 744 488 1991 523 671 763 550 643 755 839 1628 936 778 1608 730 1702 576 679 881 860 1223 942 958 848 1216 552 790 700
27 0 1 953 564 1729 1966 1333 841 1799 717 911 1449 1665 623 970 1484 882 1270 3140 677 912 801 1287 1389 636 621 1667 2207 1027 578 825 1260 1318
28 0 1 1037 558 538 1461 1442 758 731 1065 789 983 703 984 853 761 566 1218 693 1687 858 738 938 1119 1384 685 1163 706 1012 775 1734
29 0 1 1337 1183 863 764 640 562 1250 747 1132 1861 824 918 1066 998 2114 980 613 810 1134 862 855 1386 1057 2859 844 1286 782 798 889 535
30 0 1 648 900 3794 674 1251 797 921 1198 1478 1298 816 2410 2052 966 672 682 1141 898 1246 507 885 948 766 812 1201 934 809 769 1227 668 614
31 0 1 1909 495 719 1866 1078 1044 1245 1953 829 768 1804 1096 879 1180 486 1122 1074 1036 1948 1459 787 1150 793 610 1316 780
32 0 1 698 1489 856 1135 945 1117 695 988 1038 949 1000 2886 2298 686 3543 618 604 2282 777 725 826 804 4040 1108 887 1495 2088 1378 940 1228 781 1407 1112
33 0 1 926 979 1087 914 963 1571 1107 1788 1210 1357 615 1046 1302 997 1427 1019 2241 1417 617 713 5350 808 1530 726 1765 1300 1990 1401 982 1192 813 962
34 0 1 888 1002 2456 2169 1482 1194 1562 1128 1125 835 1275 557 1067 1755 779 1010 1996 727 1114 1857 705 1053 838 923 871 1106 1828 2371 890 743 3008
35 0 1 560 843 1258 925 1807 814 819 929 989 745 1445 1030 976 1121 1783 899 802 591 1373 1035 708 2147 1480 1775 1388 1558 736 638 3349 1606 928 1213
36 0 1 1603 896 1008 1859 639 2291 1429 1230 1319 1097 1039 1747 1805 1511 1063 1127 1538 1084 987 518 2348 1610 854 894 1570 1601 697 1771
37 0 1 1080 6379 1936 1099 616 2345 1089 1462 1222 1493 2552 2007 547 2092 1199 1136 3350 1723 969 1666 1986 1021 1418 1324 1340 1185 1014 1049
38 0 1 1282 1140 1963 1886 1255 857 709 2024 541 1130 776 1591 2491 701 1967 1041 2222 1663 1116 1522 2479 1434 2628 1709 2421 1167 1265
39 0 1 759 1086 1206 2445 1186 800 1205 1829 1635 1782 785 1211 1466 884 5893 910 1776 1754 1697 6571 1410 1279 2196 1387 2312 1277 932 1295
40 0 1 1698 2758 1501 5359 580 1837 2664 795 1007 1483 803 1034 2245 2843 834 4672 1104 1841 1174 1356 1161 895 2746 740 1202
41 0 1 1611 2219 1528 767 2163 1490 1217 2000 3911 690 893 2329 1124 1871 1062 684 2337 830 1256 504 734 2804 1541 1224 1638 931 3692 1328 1438 1126 1299 1350 1152 1009
42 0 1 2355 1863 1555 6450 1376 909 4089 1673 1123 1301 1029 711 1020 2847 1377 2078 2405 3561 1313 1642 2178 649 1883 1704 1491 1069 1694 572
43 0 1 1346 1809 1848 570 1862 1403 1368 1477 1757 1004 1545 2551 1203 1068 1428 4738 2566 1283 1015 1496 1599 1743 2193 1393 1332 3244 1575 1352 1309 7092 1548
44 0 1 1235 1105 2177 1711 951 1370 1334 1576 2148 1266 4255 3759 1476 5675 2226 1151 875 2218 1138 1208 878 2399 1082 3858 1061 2356 1314 1925 1142 1971 1880 1554 1155
45 0 1 1908 3790 1587 1272 3158 1048 1173 1187 1954 3797 2292 2649 2049 1111 1398 2464 1391 1921 1171 1088 1312 3839 607 2240 2121 1085 2681 847 3769 1588 1414 865 2388 3528
46 0 1 1815 927 1238 1810 1752 1593 1515 818 1402 710 2041 1567 5442 1595 1652 3110 3624 1456 1415 2020 2195 1153 1349 2492 1597 1143 1244 1658 2330 1231
47 0 1 1672 1079 1367 2171 1390 657 981 1604 1232 1566 1989 8322 2862 1394 1935 870 1345 2477 1787 1215 901 2036 3053 2818 3768 1175 2072 1767 960 3311 2785 849
48 0 1 2010 1653 664 1165 993 1547 2941 2319 1582 2340 1404 2108 2288 2710 1959 1626 886 1532 1732 1209 1988 1934 1906 2360 1691 992 5447 3398 892 1274 1005
49 0 1 1680 1843 1973 1777 1042 1993 2852 1278 3246 3228 4498 7607 1806 1168 1158 1502 1486 3357 832 1077 1271 3397 2168 1441 2696 3098 990 1814 2346 2498 792
50 0 1 1336 3513 2685 1360 1024 1253 1827 2076 2633 3222 5063 2961 1098 1103 5999 3923 2825 3359 1081 1076 2224 5161 1450 1463 2220 1148 1083 1369 1503 3689 1237 1221 1412
51 0 1 1726 1917 3791 1160 1579 1546 873 2271 5388 1100 2126 1641 1304 1296 2413 3775 2305 1572 1013 4801 3003 947 9175 1290 1741 6234 1627 4238 1889 1573
52 0 1 937 3016 2682 7367 919 2056 3907 1529 3618 1733 2295 833 2925 2720 2395 2187 2741 1714 930 1563 3374 3441 3119 2420 1583 2692 8055 2650 1710 2202 1249 1159 3066 1351
53 0 1 1322 2954 2005 1865 8770 1344 1574 3070 1675 620 1325 563 3764 3659 1742 656 883 3293 2469 3949 959 1257 3604 1419 1292
54 0 1 1884 2235 1739 3935 1064 8114 1498 1239 1517 765 7013 3796 3708 874 2398 2582 1018 3866 2965 1177 2374 2702 1872 2433 2051 4947 5038 3317 3022
55 0 1 6043 3171 2939 4336 2387 3223 4914 675 986 4477 1109 867 3429 2521 2430 6756 4525 924 5472 2112 2254 7085 955 2447 2715 2849 5850 1435 3243 1510 1942
56 0 1 3632 1169 2144 4148 1172 1234 1637 4724 2848 2700 2191 2612 3030 1629 3551 2064 1408 1075 4331 1382 4552 1692 6558 920 2739 1129 1426
57 0 1 1054 2033 1853 1888 1494 2497 1317 4962 2127 2145 1992 2304 1590 5876 771 3591 6964 1846 821 1288 1338 1823 2087 2690 4630 1468 692 2221 1311 1499
58 0 1 2096 2844 1832 2363 2199 2158 4221 1095 2955 4360 1877 2842 2882 1679 2286 939 1396 2344 2155 2272 1421 3097 5108 999 1093 1465 3608 1263 1347 1294 4299
59 0 1 2143 2165 935 3661 3249 2916 2889 2209 2883 4048 1824 1371 2142 4609 3673 1932 2657 1436 1721 1354 1375 2300 2568 1055 7373 1164 4968
60 0 1 5144 1621 4223 3201 2415 1922 3535 2451 4791 2117 3289 1964 2663 1826 1660 2514 1032 8355 2105 2624 4300 2151 3751 2156
61 0 1 2042 2967 4103 5620 1808 2697 1856 1693 4674 2205 1327 3257 4606 1422 2942 828 2247 4070 1881 2636 1718 5634 2262 3210 1938 2683 1825 6642 1323
62 0 1 3571 3106 1225 2004 3038 2988 2063 1821 3425 6037 1561 1191 3304 1091 3387 2296 2533 1207 2577 2071 3813 1851 3676 1817 3323 3379 5376 4364 1526 1492 3114 3025 1070 4618 1745 7922
63 0 1 4459 3142 1772 2737 1690 9957 5020 2805 1728 1887 4589 6847 4497 2003 1383 8567 1379 3924 4281 4881 2860 2190 1740 2706 2666 1451 1481 4659 1997 2732
64 0 1 5412 1500 1651 1131 1527 5526 3983 1366 956 8992 3598 6952 1533 5760 4188 905 1961 1195 2446 1162 2837 1190 2478 3019 1444 5011 2665 908 1156 1556 2431 1458
65 0 1 1305 4374 2950 5973 1613 3032 2309 1329 1705 8614 1433 4319 1944 2249 1440 1818 1544 917 1894 1118 1596 6243 1706 2745 4245 4493 1738 6783 1092 2385 1280
66 0 1 3450 4761 1683 897 3955 2871 3221 7064 1040 4329 1460 2287 1474 1406 2751 2201 1875 4207 1960 3537 2503 1882 4448 2908 4362
67 0 1 3682 2460 4096 2089 1577 1678 5268 1437 3494 5960 1179 1146 2060 1050 3878 2531 9073 2494 2125 2184 1273 1514 6682 2392 3124 4152
68 0 1 2306 3330 1003 1674 2079 7384 4596 4824 3884 6001 3488 1330 1985 2411 6580 2919 9485 1753 2136 3251 748 1090 4680 1648 1793 5546 1047 2853 3895 3761 4819 1416 6462
69 0 1 7243 1708 3121 6307 2021 1372 3000 1189 3814 8243 4859 5782 5276 2250 1101 4429 1133 2622 4167 1602 5609 2684 1145 7218 4683 2812 6045 7231
70 0 1 2638 1267 1671 6684 5558 5141 3068 2173 3577 1212 1303 1849 4266 961 1803 1655 3457 2471 4100 1847 4549 2444 2654 4793 1102 2854 9798 1200 2080 3391 1619 2976 4372 1509
71 0 1 1405 1060 416 3977 4160 2233 1607 1229 5309 2424 2212 6137 1774 5494 6022 1707 3065 5361 2215 1800 4864 1624 1811 3028 2611 1504 1261
72 0 1 1149 4241 5041 2334 3730 3203 995 5055 820 2359 1615 1822 1397 972 4337 6176 2610 2378 2383 4320 2938 4421 2949 3009 1725 2065 1550 8334 7267 1744 4150 2652 4325 3324 2639
73 0 1 2160 2970 4194 4770 2659 2066 5278 2522 6424 1958 2913 3883 1259 3711 2670 1446 2513 4146 5819 4016 2979 3100 4854 1045 1839 1487 2968
74 0 1 4974 7591 3843 3234 5553 5915 6087 1896 3915 2206 2810 8131 2717 850 2730 7325 2480 6702 6504 7266 1326 1750 5914 1696 1413 1616 3881 5246 2258 3623 2878
75 0 1 1022 2761 1518 3500 2662 2203 1763 5773 1423 3021 3299 3532 3059 2308 2768 1454 4430 1364 1264 2529 3989 4226 7337 2541 1269 2688 728 8401 4781 2542 2152 5209 1320
76 0 1 3901 2409 2333 7593 1262 1982 3369 5034 1715 3424 1797 2507 3511 5046 4211 8160 1951 2406 3182 2453 7981 3783 1469 2093 7559 1647 2055
77 0 1 2516 2504 8734 5971 8931 2948 4848 3161 1120 3642 2884 3912 1525 5021 4526 1560 2517 2229 9556 2603 4129 3634 4377 4964 5865 5667 3004 3455 4834 1247
78 0 1 8438 2426 4482 3941 2366 3856 1622 5084 8044 1656 8733 2587 4137 2045 2120 2198 4790 3126 3414 2239 4716 4427 1006 1181 2362 1640 8969 2609 2017 2831 6812 823 5895 4850
79 0 1 2987 2214 4390 1475 7086 3094 3164 4539 2765 2629 3517 4872 3969 1930 3131 827 5492 7378 2619 4006 3580 8702 5564 7387 9722 2448 2929 5627 7723 1473
80 0 1 4032 7672 3483 8725 4858 3446 7791 6042 6879 5845 7399 2232 9883 2921 4977 5519 6992 2726 5170 6588 2238 2128 2933 2959 2099 5800 2407 1983 2053
81 0 1 4025 1359 2011 1457 3626 5794 3151 2264 1636 1193 1631 3125 3235 4624 2787 2887 5547 4138 1226 2188 6689 9890 4847 2061 4341 7147
82 0 1 4184 3573 2095 2104 7414 754 1452 4282 5641 3224 3041 2270 5829 3929 1342 2476 2204 1869 7122 1768 1778 1746 2106 5222 2377 2067 7753 1166 1144 6359 2980
83 0 1 5507 2902 7234 9567 2593 5497 6981 4117 7090 6656 6828 4704 3380 3508 3631 3938 6532 6005 5539 2752 2425 5656 3597 8015 1339 5797 2132 6044 4981 5688 6158 5031 1735
84 0 1 5803 4171 6310 1897 5817 1688 9353 4157 6662 7718 7893 1893 3782 1759 2050 3332 2729 9430 3996 8297 3706 4275 6698 1899 2313 6854 4845 4646 2133 1670
85 0 1 1618 8444 2973 6658 6830 1928 9538 3127 5302 4917 3117 7971 8407 8616 2436 2743 3972 3635 2594 3903 3499 3392 2782 5947 2985 5855
86 0 1 2210 696 3443 6599 3663 741 2604 8076 3400 2809 6035 6188 1243 4852 6348 2538 6181 4104 1623 1291 6979 4413 1031 5916 3198 3403 1585 2119 1643 1722 3586 2769
87 0 1 1552 2227 2311 3477 3886 2098 3384 1995 2567 1447 3596 2432 3236 5534 2894 1786 8766 6288 5970 3449 973 2150 1974 4703 1885 2590 5154 1911 3493
88 0 1 4196 2365 2154 1860 1677 7497 5357 2867 3254 6082 2794 5605 6229 3012 3056 3835 3595 3824 1365 3419 1650 1411 3083 1110 6614 4546
89 0 1 3175 1439 9517 2373 6463 1236 3338 2599 2013 2012 4181 3226 2983 2811 6210 2044 1912 8241 3753 7774 8806 3765 8056 6141 5540 9322 1178 3076 3266 1284 2231
90 0 1 4242 5872 2820 1987 2795 1539 3548 6169 5406 2081 4908 4476 5330 3209 2336 5969 2027 9572 1581 5417 2725 3385 1455 9246 5421
91 0 1 4642 5791 4807 5769 8600 6085 3594 1956 3480 3842 1214 5193 4094 6126 2408 6890 1188 3981 1586 4120 3804 6587 1748
92 0 1 2038 4435 8132 1385 5653 1204 3456 2932 6539 4577 9770 3205 3575 2518 9391 2824 9360 2475 1999 2748 3252 6736 2457 2341 6832 2416 1749 3444
93 0 1 9204 4820 3376 7322 4729 9019 2712 3504 7321 2414 2509 3529 6434 2815 1900 5197 2138 9782 5469 2047 4532 6514 2947 3958 6440 3540 4828 8738 2563
94 0 1 1864 1154 1737 9952 4347 7454 2029 1766 967 1842 2157 2735 5810 1758 1614 4047 1310 6573 4317 1850 7214 5542 7347 5715 2627 4778 1802 6980 3741 7818 2850 5429 3826
95 0 1 7155 5603 7408 2556 2762 3388 3006 3319 6813 6791 8929 7797 7867 4301 3505 8168 7304 7773 2791 1321 3082 3470 2525 1949 1695 1978 8414 2986 2832 7070 2740 8740 1594 8454 2326 4288 2437
96 0 1 7165 5196 3808 2601 2485 2243 3270 3303 2634 8843 2490 3512 2564 2718 1913 4734 7589 5346 1592 5241 2561 1914 9054 2428 4599 2223 2977
97 0 1 2124 7710 1182 8660 1341 1919 3354 4837 1348 4403 3478 5725 1874 5555 6531 1649 7444 5617 1836 4251 3220 2285 7315 7995 8890 1784 4190 6298 2277
98 0 1 2808 2917 2576 3852 3160 2694 3871 5659 6015 8240 5140 3360 5788 4510 3256 4139 7433 2722 2473 5233 7756 8973 4673 3170 1717
99 0 1 1700 3568 6361 2237 3361 2550 9351 1534 7584 7597 2892 1794 3893 4133 2101 1293 2268 4722 5959 2123 9718 6939 9208 5530 7979 7159 2315
